c:\users\laptop\documents\github\cmp5327-c-programming-for-games-assessment-antoniomihaidima\c++ assignment\c++ gameloop\c++ gameloop\debug\c++ gameloop.pch
c:\users\laptop\documents\github\cmp5327-c-programming-for-games-assessment-antoniomihaidima\c++ assignment\c++ gameloop\c++ gameloop\debug\vc141.pdb
c:\users\laptop\documents\github\cmp5327-c-programming-for-games-assessment-antoniomihaidima\c++ assignment\c++ gameloop\c++ gameloop\debug\vc141.idb
c:\users\laptop\documents\github\cmp5327-c-programming-for-games-assessment-antoniomihaidima\c++ assignment\c++ gameloop\c++ gameloop\debug\pch.obj
c:\users\laptop\documents\github\cmp5327-c-programming-for-games-assessment-antoniomihaidima\c++ assignment\c++ gameloop\c++ gameloop\debug\tilemap.obj
c:\users\laptop\documents\github\cmp5327-c-programming-for-games-assessment-antoniomihaidima\c++ assignment\c++ gameloop\c++ gameloop\debug\sound.obj
c:\users\laptop\documents\github\cmp5327-c-programming-for-games-assessment-antoniomihaidima\c++ assignment\c++ gameloop\c++ gameloop\debug\player.obj
c:\users\laptop\documents\github\cmp5327-c-programming-for-games-assessment-antoniomihaidima\c++ assignment\c++ gameloop\c++ gameloop\debug\gameloop.obj
c:\users\laptop\documents\github\cmp5327-c-programming-for-games-assessment-antoniomihaidima\c++ assignment\c++ gameloop\c++ gameloop\debug\c++ gameloop.obj
c:\users\laptop\documents\github\cmp5327-c-programming-for-games-assessment-antoniomihaidima\c++ assignment\c++ gameloop\debug\c++ gameloop.exe
c:\users\laptop\documents\github\cmp5327-c-programming-for-games-assessment-antoniomihaidima\c++ assignment\c++ gameloop\debug\c++ gameloop.ilk
c:\users\laptop\documents\github\cmp5327-c-programming-for-games-assessment-antoniomihaidima\c++ assignment\c++ gameloop\debug\c++ gameloop.pdb
c:\users\laptop\documents\github\cmp5327-c-programming-for-games-assessment-antoniomihaidima\c++ assignment\c++ gameloop\c++ gameloop\debug\bullet.obj
c:\users\laptop\documents\github\cmp5327-c-programming-for-games-assessment-antoniomihaidima\c++ assignment\c++ gameloop\c++ gameloop\debug\bulletmanager.obj
c:\users\laptop\documents\github\cmp5327-c-programming-for-games-assessment-antoniomihaidima\c++ assignment\c++ gameloop\c++ gameloop\debug\textrenderer.obj
c:\users\laptop\documents\github\cmp5327-c-programming-for-games-assessment-antoniomihaidima\c++ assignment\c++ gameloop\c++ gameloop\debug\wall.obj
c:\users\laptop\documents\github\cmp5327-c-programming-for-games-assessment-antoniomihaidima\c++ assignment\c++ gameloop\c++ gameloop\debug\water.obj
c:\users\laptop\documents\github\cmp5327-c-programming-for-games-assessment-antoniomihaidima\c++ assignment\c++ gameloop\c++ gameloop\debug\c++ gameloop.obj.enc
c:\users\laptop\documents\github\cmp5327-c-programming-for-games-assessment-antoniomihaidima\c++ assignment\c++ gameloop\c++ gameloop\debug\tilemap.obj.enc
c:\users\laptop\documents\github\cmp5327-c-programming-for-games-assessment-antoniomihaidima\c++ assignment\c++ gameloop\c++ gameloop\debug\nativecodeanalysis.read.1.tlog
c:\users\laptop\documents\github\cmp5327-c-programming-for-games-assessment-antoniomihaidima\c++ assignment\c++ gameloop\c++ gameloop\debug\pch.nativecodeanalysis.xml
c:\users\laptop\documents\github\cmp5327-c-programming-for-games-assessment-antoniomihaidima\c++ assignment\c++ gameloop\c++ gameloop\debug\tilemap.nativecodeanalysis.xml
c:\users\laptop\documents\github\cmp5327-c-programming-for-games-assessment-antoniomihaidima\c++ assignment\c++ gameloop\c++ gameloop\debug\vc.nativecodeanalysis.all.xml
c:\users\laptop\documents\github\cmp5327-c-programming-for-games-assessment-antoniomihaidima\c++ assignment\c++ gameloop\debug\c++ gameloop.exe.lastcodeanalysissucceeded
c:\users\laptop\documents\github\cmp5327-c-programming-for-games-assessment-antoniomihaidima\c++ assignment\c++ gameloop\c++ gameloop\debug\c++ gameloop.tlog\cl.command.1.tlog
c:\users\laptop\documents\github\cmp5327-c-programming-for-games-assessment-antoniomihaidima\c++ assignment\c++ gameloop\c++ gameloop\debug\c++ gameloop.tlog\cl.read.1.tlog
c:\users\laptop\documents\github\cmp5327-c-programming-for-games-assessment-antoniomihaidima\c++ assignment\c++ gameloop\c++ gameloop\debug\c++ gameloop.tlog\cl.write.1.tlog
c:\users\laptop\documents\github\cmp5327-c-programming-for-games-assessment-antoniomihaidima\c++ assignment\c++ gameloop\c++ gameloop\debug\c++ gameloop.tlog\link.command.1.tlog
c:\users\laptop\documents\github\cmp5327-c-programming-for-games-assessment-antoniomihaidima\c++ assignment\c++ gameloop\c++ gameloop\debug\c++ gameloop.tlog\link.read.1.tlog
c:\users\laptop\documents\github\cmp5327-c-programming-for-games-assessment-antoniomihaidima\c++ assignment\c++ gameloop\c++ gameloop\debug\c++ gameloop.tlog\link.write.1.tlog
