  C++ GameLoop.cpp
v:\cmp5327-c-programming-for-games-assessment-antoniomihaidima\c++ assignment\c++ gameloop\c++ gameloop\player.h(23): warning C4244: 'return': conversion from 'int' to 'float', possible loss of data
v:\cmp5327-c-programming-for-games-assessment-antoniomihaidima\c++ assignment\c++ gameloop\c++ gameloop\player.h(27): warning C4244: 'return': conversion from 'int' to 'float', possible loss of data
v:\cmp5327-c-programming-for-games-assessment-antoniomihaidima\c++ assignment\c++ gameloop\c++ gameloop\bulletmanager.h(47): warning C4018: '>': signed/unsigned mismatch
v:\cmp5327-c-programming-for-games-assessment-antoniomihaidima\c++ assignment\c++ gameloop\c++ gameloop\bulletmanager.h(75): warning C4244: '+=': conversion from 'double' to 'float', possible loss of data
v:\cmp5327-c-programming-for-games-assessment-antoniomihaidima\c++ assignment\c++ gameloop\c++ gameloop\bulletmanager.h(76): warning C4244: '-=': conversion from 'double' to 'float', possible loss of data
v:\cmp5327-c-programming-for-games-assessment-antoniomihaidima\c++ assignment\c++ gameloop\c++ gameloop\bulletmanager.h(90): warning C4838: conversion from 'float' to 'int' requires a narrowing conversion
v:\cmp5327-c-programming-for-games-assessment-antoniomihaidima\c++ assignment\c++ gameloop\c++ gameloop\bulletmanager.h(90): warning C4244: 'initializing': conversion from 'float' to 'int', possible loss of data
v:\cmp5327-c-programming-for-games-assessment-antoniomihaidima\c++ assignment\c++ gameloop\c++ gameloop\enemymanager.h(49): warning C4244: 'argument': conversion from 'time_t' to 'unsigned int', possible loss of data
v:\cmp5327-c-programming-for-games-assessment-antoniomihaidima\c++ assignment\c++ gameloop\c++ gameloop\enemymanager.h(61): warning C4018: '>': signed/unsigned mismatch
v:\cmp5327-c-programming-for-games-assessment-antoniomihaidima\c++ assignment\c++ gameloop\c++ gameloop\enemymanager.h(199): warning C4838: conversion from 'float' to 'int' requires a narrowing conversion
v:\cmp5327-c-programming-for-games-assessment-antoniomihaidima\c++ assignment\c++ gameloop\c++ gameloop\enemymanager.h(199): warning C4244: 'initializing': conversion from 'float' to 'int', possible loss of data
v:\cmp5327-c-programming-for-games-assessment-antoniomihaidima\c++ assignment\c++ gameloop\c++ gameloop\enemymanager.h(200): warning C4838: conversion from 'float' to 'int' requires a narrowing conversion
v:\cmp5327-c-programming-for-games-assessment-antoniomihaidima\c++ assignment\c++ gameloop\c++ gameloop\enemymanager.h(200): warning C4244: 'initializing': conversion from 'float' to 'int', possible loss of data
v:\cmp5327-c-programming-for-games-assessment-antoniomihaidima\c++ assignment\c++ gameloop\c++ gameloop\enemymanager.h(223): warning C4838: conversion from 'float' to 'int' requires a narrowing conversion
v:\cmp5327-c-programming-for-games-assessment-antoniomihaidima\c++ assignment\c++ gameloop\c++ gameloop\enemymanager.h(223): warning C4244: 'initializing': conversion from 'float' to 'int', possible loss of data
  GameLoop.cpp
v:\cmp5327-c-programming-for-games-assessment-antoniomihaidima\c++ assignment\c++ gameloop\c++ gameloop\player.h(23): warning C4244: 'return': conversion from 'int' to 'float', possible loss of data
v:\cmp5327-c-programming-for-games-assessment-antoniomihaidima\c++ assignment\c++ gameloop\c++ gameloop\player.h(27): warning C4244: 'return': conversion from 'int' to 'float', possible loss of data
v:\cmp5327-c-programming-for-games-assessment-antoniomihaidima\c++ assignment\c++ gameloop\c++ gameloop\bulletmanager.h(47): warning C4018: '>': signed/unsigned mismatch
v:\cmp5327-c-programming-for-games-assessment-antoniomihaidima\c++ assignment\c++ gameloop\c++ gameloop\bulletmanager.h(75): warning C4244: '+=': conversion from 'double' to 'float', possible loss of data
v:\cmp5327-c-programming-for-games-assessment-antoniomihaidima\c++ assignment\c++ gameloop\c++ gameloop\bulletmanager.h(76): warning C4244: '-=': conversion from 'double' to 'float', possible loss of data
v:\cmp5327-c-programming-for-games-assessment-antoniomihaidima\c++ assignment\c++ gameloop\c++ gameloop\bulletmanager.h(90): warning C4838: conversion from 'float' to 'int' requires a narrowing conversion
v:\cmp5327-c-programming-for-games-assessment-antoniomihaidima\c++ assignment\c++ gameloop\c++ gameloop\bulletmanager.h(90): warning C4244: 'initializing': conversion from 'float' to 'int', possible loss of data
v:\cmp5327-c-programming-for-games-assessment-antoniomihaidima\c++ assignment\c++ gameloop\c++ gameloop\enemymanager.h(49): warning C4244: 'argument': conversion from 'time_t' to 'unsigned int', possible loss of data
v:\cmp5327-c-programming-for-games-assessment-antoniomihaidima\c++ assignment\c++ gameloop\c++ gameloop\enemymanager.h(61): warning C4018: '>': signed/unsigned mismatch
v:\cmp5327-c-programming-for-games-assessment-antoniomihaidima\c++ assignment\c++ gameloop\c++ gameloop\enemymanager.h(199): warning C4838: conversion from 'float' to 'int' requires a narrowing conversion
v:\cmp5327-c-programming-for-games-assessment-antoniomihaidima\c++ assignment\c++ gameloop\c++ gameloop\enemymanager.h(199): warning C4244: 'initializing': conversion from 'float' to 'int', possible loss of data
v:\cmp5327-c-programming-for-games-assessment-antoniomihaidima\c++ assignment\c++ gameloop\c++ gameloop\enemymanager.h(200): warning C4838: conversion from 'float' to 'int' requires a narrowing conversion
v:\cmp5327-c-programming-for-games-assessment-antoniomihaidima\c++ assignment\c++ gameloop\c++ gameloop\enemymanager.h(200): warning C4244: 'initializing': conversion from 'float' to 'int', possible loss of data
v:\cmp5327-c-programming-for-games-assessment-antoniomihaidima\c++ assignment\c++ gameloop\c++ gameloop\enemymanager.h(223): warning C4838: conversion from 'float' to 'int' requires a narrowing conversion
v:\cmp5327-c-programming-for-games-assessment-antoniomihaidima\c++ assignment\c++ gameloop\c++ gameloop\enemymanager.h(223): warning C4244: 'initializing': conversion from 'float' to 'int', possible loss of data
  Generating Code...
v:\cmp5327-c-programming-for-games-assessment-antoniomihaidima\c++ assignment\c++ gameloop\c++ gameloop\gameloop.cpp(54): warning C4715: 'GameLoop::init': not all control paths return a value
  C++ GameLoop.vcxproj -> V:\cmp5327-c-programming-for-games-assessment-AntonioMihaiDima\C++ assignment\C++ GameLoop\Debug\C++ GameLoop.exe
